{"uuid":"f1adc744-d652-4d2e-bf93-59c0f341e09e","historyId":"acf31b31a49309d49aa184c58b6f6c73","fullName":"Register: Register validation with invalid inputs/ similar fields","labels":[{"name":"tag","value":"register"},{"name":"tag","value":"compareUnPwd"},{"name":"host","value":"DESKTOP-RGL4EEL"},{"name":"thread","value":"16332@DESKTOP-RGL4EEL.main(1)"},{"name":"feature","value":"Register"},{"name":"story","value":"Register validation with invalid inputs/ similar fields"},{"name":"suite","value":"Register"},{"name":"testClass","value":"Register validation with invalid inputs/ similar fields"},{"name":"framework","value":"cucumber4jvm"},{"name":"language","value":"java"},{"name":"gherkin_uri","value":"file:///C:/Users/janga/eclipse-workspace/DSAlgosample/src/test/resources/Features/UC02_register.feature"},{"name":"package","value":"src.test.resources.Features.UC02_register_feature.Register"}],"links":[],"name":"Register validation with invalid inputs/ similar fields","status":"failed","statusDetails":{"known":false,"muted":false,"flaky":false,"message":"expected [password can not be similar as username] but found [password_mismatch:The two password fields didn’t match.]","trace":"java.lang.AssertionError: expected [password can not be similar as username] but found [password_mismatch:The two password fields didn’t match.]\r\n\tat org.testng.Assert.fail(Assert.java:99)\r\n\tat org.testng.Assert.failNotEquals(Assert.java:1037)\r\n\tat org.testng.Assert.assertEqualsImpl(Assert.java:140)\r\n\tat org.testng.Assert.assertEquals(Assert.java:122)\r\n\tat org.testng.Assert.assertEquals(Assert.java:629)\r\n\tat org.testng.Assert.assertEquals(Assert.java:639)\r\n\tat com.Stepdefinitions.RegisterStepDef.user_should_get_password_not_similar_to_username_error_message(RegisterStepDef.java:171)\r\n\tat ✽.user should get password not similar to username error message \"password can not be similar as username\"(file:///C:/Users/janga/eclipse-workspace/DSAlgosample/src/test/resources/Features/UC02_register.feature:102)\r\n"},"stage":"finished","steps":[{"name":"Given  user opens browser and launch the url \"https://dsportalapp.herokuapp.com/\"","status":"passed","statusDetails":{"known":false,"muted":false,"flaky":false},"stage":"finished","steps":[],"attachments":[],"parameters":[],"start":1680188060701,"stop":1680188062825},{"name":"When  user clicks on \"Get started\" button","status":"passed","statusDetails":{"known":false,"muted":false,"flaky":false},"stage":"finished","steps":[],"attachments":[],"parameters":[],"start":1680188062827,"stop":1680188063078},{"name":"And  clicks on register link","status":"passed","statusDetails":{"known":false,"muted":false,"flaky":false},"stage":"finished","steps":[],"attachments":[],"parameters":[],"start":1680188063081,"stop":1680188063353},{"name":"Then  user should successfully able to see register page title \"Registration\"","status":"passed","statusDetails":{"known":false,"muted":false,"flaky":false},"stage":"finished","steps":[],"attachments":[],"parameters":[],"start":1680188063358,"stop":1680188063369},{"name":"When  user enters the \"valli@1234\" \"valli@1234\" \"valli@1234\" all similar to one another","status":"passed","statusDetails":{"known":false,"muted":false,"flaky":false},"stage":"finished","steps":[],"attachments":[],"parameters":[],"start":1680188063371,"stop":1680188065249},{"name":"Then  user should get password not similar to username error message \"password can not be similar as username\"","status":"failed","statusDetails":{"known":false,"muted":false,"flaky":false,"message":"expected [password can not be similar as username] but found [password_mismatch:The two password fields didn’t match.]","trace":"java.lang.AssertionError: expected [password can not be similar as username] but found [password_mismatch:The two password fields didn’t match.]\r\n\tat org.testng.Assert.fail(Assert.java:99)\r\n\tat org.testng.Assert.failNotEquals(Assert.java:1037)\r\n\tat org.testng.Assert.assertEqualsImpl(Assert.java:140)\r\n\tat org.testng.Assert.assertEquals(Assert.java:122)\r\n\tat org.testng.Assert.assertEquals(Assert.java:629)\r\n\tat org.testng.Assert.assertEquals(Assert.java:639)\r\n\tat com.Stepdefinitions.RegisterStepDef.user_should_get_password_not_similar_to_username_error_message(RegisterStepDef.java:171)\r\n\tat ✽.user should get password not similar to username error message \"password can not be similar as username\"(file:///C:/Users/janga/eclipse-workspace/DSAlgosample/src/test/resources/Features/UC02_register.feature:102)\r\n"},"stage":"finished","steps":[],"attachments":[],"parameters":[],"start":1680188065252,"stop":1680188065292}],"attachments":[],"parameters":[{"name":"username","value":"valli@1234"},{"name":"password","value":"valli@1234"},{"name":"passwordConfirmation","value":"valli@1234"}],"start":1680188060700,"stop":1680188066123}