<?xml version="1.0" encoding="UTF-8"?>
<!-- Generated by org.testng.reporters.JUnitReportReporter -->
<testsuite hostname="DESKTOP-RGL4EEL" failures="8" tests="74" name="com.Runner.Testrunnertestng" time="226.493" errors="0" timestamp="2023-03-29T16:50:29 EDT" skipped="0">
  <testcase classname="com.Runner.Testrunnertestng" name="runScenario" time="0.578"/>
  <system-out/>
  <testcase classname="com.Runner.Testrunnertestng" name="runScenario" time="0.321"/>
  <system-out/>
  <testcase classname="com.Runner.Testrunnertestng" name="runScenario" time="3.105"/>
  <system-out/>
  <testcase classname="com.Runner.Testrunnertestng" name="runScenario" time="3.116"/>
  <system-out/>
  <testcase classname="com.Runner.Testrunnertestng" name="runScenario" time="0.588"/>
  <system-out/>
  <testcase classname="com.Runner.Testrunnertestng" name="runScenario" time="3.192"/>
  <system-out/>
  <testcase classname="com.Runner.Testrunnertestng" name="runScenario" time="3.794"/>
  <system-out/>
  <testcase classname="com.Runner.Testrunnertestng" name="runScenario" time="3.073"/>
  <system-out/>
  <testcase classname="com.Runner.Testrunnertestng" name="runScenario" time="3.255"/>
  <system-out/>
  <testcase classname="com.Runner.Testrunnertestng" name="runScenario" time="4.225"/>
  <system-out/>
  <testcase classname="com.Runner.Testrunnertestng" name="runScenario" time="3.277"/>
  <system-out/>
  <testcase classname="com.Runner.Testrunnertestng" name="runScenario" time="0.619"/>
  <system-out/>
  <testcase classname="com.Runner.Testrunnertestng" name="runScenario" time="3.985"/>
  <system-out/>
  <testcase classname="com.Runner.Testrunnertestng" name="runScenario" time="3.137"/>
  <system-out/>
  <testcase classname="com.Runner.Testrunnertestng" name="runScenario" time="3.149"/>
  <system-out/>
  <testcase classname="com.Runner.Testrunnertestng" name="runScenario" time="2.950"/>
  <system-out/>
  <testcase classname="com.Runner.Testrunnertestng" name="runScenario" time="2.958"/>
  <system-out/>
  <testcase classname="com.Runner.Testrunnertestng" name="runScenario" time="4.343">
    <failure message="expected [password can not be similar as username] but found [password_mismatch:The two password fields didn’t match.]" type="java.lang.AssertionError">
      <![CDATA[java.lang.AssertionError: expected [password can not be similar as username] but found [password_mismatch:The two password fields didn’t match.]
at org.testng.Assert.fail(Assert.java:110)
at org.testng.Assert.failNotEquals(Assert.java:1577)
at org.testng.Assert.assertEqualsImpl(Assert.java:149)
at org.testng.Assert.assertEquals(Assert.java:131)
at org.testng.Assert.assertEquals(Assert.java:655)
at org.testng.Assert.assertEquals(Assert.java:665)
at com.Stepdefinitions.RegisterStepDef.user_should_get_password_not_similar_to_username_error_message(RegisterStepDef.java:171)
at ✽.user should get password not similar to username error message "password can not be similar as username"(file:///C:/Users/janga/eclipse-workspace/DSAlgosample/src/test/resources/Features/UC02_register.feature:102)
]]>
    </failure>
  </testcase> <!-- runScenario -->
  <system-out/>
  <testcase classname="com.Runner.Testrunnertestng" name="runScenario" time="3.004"/>
  <system-out/>
  <testcase classname="com.Runner.Testrunnertestng" name="runScenario" time="3.394"/>
  <system-out/>
  <testcase classname="com.Runner.Testrunnertestng" name="runScenario" time="1.478"/>
  <system-out/>
  <testcase classname="com.Runner.Testrunnertestng" name="runScenario" time="2.160">
    <failure message="Result do not match expected [submission success] but found [Error occurred during submission]" type="java.lang.AssertionError">
      <![CDATA[java.lang.AssertionError: Result do not match expected [submission success] but found [Error occurred during submission]
at org.testng.Assert.fail(Assert.java:110)
at org.testng.Assert.failNotEquals(Assert.java:1577)
at org.testng.Assert.assertEqualsImpl(Assert.java:149)
at org.testng.Assert.assertEquals(Assert.java:131)
at org.testng.Assert.assertEquals(Assert.java:655)
at com.Stepdefinitions.ArraysStepDef.the_user_should_be_presented_with_successful_submission_message(ArraysStepDef.java:139)
at ✽.The user should be presented with successful submission message(file:///C:/Users/janga/eclipse-workspace/DSAlgosample/src/test/resources/Features/UC05_Arrays.feature:160)
]]>
    </failure>
  </testcase> <!-- runScenario -->
  <system-out/>
  <testcase classname="com.Runner.Testrunnertestng" name="runScenario" time="4.554"/>
  <system-out/>
  <testcase classname="com.Runner.Testrunnertestng" name="runScenario" time="0.565"/>
  <system-out/>
  <testcase classname="com.Runner.Testrunnertestng" name="runScenario" time="2.562">
    <failure message="Result do not match expected [submission success] but found [ Some Tests failed. Please review code]" type="java.lang.AssertionError">
      <![CDATA[java.lang.AssertionError: Result do not match expected [submission success] but found [ Some Tests failed. Please review code]
at org.testng.Assert.fail(Assert.java:110)
at org.testng.Assert.failNotEquals(Assert.java:1577)
at org.testng.Assert.assertEqualsImpl(Assert.java:149)
at org.testng.Assert.assertEquals(Assert.java:131)
at org.testng.Assert.assertEquals(Assert.java:655)
at com.Stepdefinitions.ArraysStepDef.the_user_should_be_presented_with_successful_submission_message(ArraysStepDef.java:139)
at ✽.The user should be presented with successful submission message(file:///C:/Users/janga/eclipse-workspace/DSAlgosample/src/test/resources/Features/UC05_Arrays.feature:138)
]]>
    </failure>
  </testcase> <!-- runScenario -->
  <system-out/>
  <testcase classname="com.Runner.Testrunnertestng" name="runScenario" time="3.922"/>
  <system-out/>
  <testcase classname="com.Runner.Testrunnertestng" name="runScenario" time="3.985"/>
  <system-out/>
  <testcase classname="com.Runner.Testrunnertestng" name="runScenario" time="3.073"/>
  <system-out/>
  <testcase classname="com.Runner.Testrunnertestng" name="runScenario" time="0.387"/>
  <system-out/>
  <testcase classname="com.Runner.Testrunnertestng" name="runScenario" time="3.554"/>
  <system-out/>
  <testcase classname="com.Runner.Testrunnertestng" name="runScenario" time="8.987"/>
  <system-out/>
  <testcase classname="com.Runner.Testrunnertestng" name="runScenario" time="2.986"/>
  <system-out/>
  <testcase classname="com.Runner.Testrunnertestng" name="runScenario" time="0.526"/>
  <system-out/>
  <testcase classname="com.Runner.Testrunnertestng" name="runScenario" time="3.067"/>
  <system-out/>
  <testcase classname="com.Runner.Testrunnertestng" name="runScenario" time="3.081"/>
  <system-out/>
  <testcase classname="com.Runner.Testrunnertestng" name="runScenario" time="3.628"/>
  <system-out/>
  <testcase classname="com.Runner.Testrunnertestng" name="runScenario" time="3.744"/>
  <system-out/>
  <testcase classname="com.Runner.Testrunnertestng" name="runScenario" time="3.099"/>
  <system-out/>
  <testcase classname="com.Runner.Testrunnertestng" name="runScenario" time="4.277">
    <failure message="expected [please enter valid password format] but found [password_mismatch:The two password fields didn’t match.]" type="java.lang.AssertionError">
      <![CDATA[java.lang.AssertionError: expected [please enter valid password format] but found [password_mismatch:The two password fields didn’t match.]
at org.testng.Assert.fail(Assert.java:110)
at org.testng.Assert.failNotEquals(Assert.java:1577)
at org.testng.Assert.assertEqualsImpl(Assert.java:149)
at org.testng.Assert.assertEquals(Assert.java:131)
at org.testng.Assert.assertEquals(Assert.java:655)
at org.testng.Assert.assertEquals(Assert.java:665)
at com.Stepdefinitions.RegisterStepDef.user_should_get_enter_valid_input_error_message(RegisterStepDef.java:159)
at ✽.user should get enter valid input error message "please enter valid password format"(file:///C:/Users/janga/eclipse-workspace/DSAlgosample/src/test/resources/Features/UC02_register.feature:93)
]]>
    </failure>
  </testcase> <!-- runScenario -->
  <system-out/>
  <testcase classname="com.Runner.Testrunnertestng" name="runScenario" time="3.008"/>
  <system-out/>
  <testcase classname="com.Runner.Testrunnertestng" name="runScenario" time="0.324"/>
  <system-out/>
  <testcase classname="com.Runner.Testrunnertestng" name="runScenario" time="3.051"/>
  <system-out/>
  <testcase classname="com.Runner.Testrunnertestng" name="runScenario" time="0.275"/>
  <system-out/>
  <testcase classname="com.Runner.Testrunnertestng" name="runScenario" time="2.651"/>
  <system-out/>
  <testcase classname="com.Runner.Testrunnertestng" name="runScenario" time="3.059"/>
  <system-out/>
  <testcase classname="com.Runner.Testrunnertestng" name="runScenario" time="3.091"/>
  <system-out/>
  <testcase classname="com.Runner.Testrunnertestng" name="runScenario" time="3.230"/>
  <system-out/>
  <testcase classname="com.Runner.Testrunnertestng" name="runScenario" time="8.870"/>
  <system-out/>
  <testcase classname="com.Runner.Testrunnertestng" name="runScenario" time="2.850"/>
  <system-out/>
  <testcase classname="com.Runner.Testrunnertestng" name="runScenario" time="3.117"/>
  <system-out/>
  <testcase classname="com.Runner.Testrunnertestng" name="runScenario" time="4.368">
    <failure message="expected [password should contain atleast eight characters.] but found [password_mismatch:The two password fields didn’t match.]" type="java.lang.AssertionError">
      <![CDATA[java.lang.AssertionError: expected [password should contain atleast eight characters.] but found [password_mismatch:The two password fields didn’t match.]
at org.testng.Assert.fail(Assert.java:110)
at org.testng.Assert.failNotEquals(Assert.java:1577)
at org.testng.Assert.assertEqualsImpl(Assert.java:149)
at org.testng.Assert.assertEquals(Assert.java:131)
at org.testng.Assert.assertEquals(Assert.java:655)
at org.testng.Assert.assertEquals(Assert.java:665)
at com.Stepdefinitions.RegisterStepDef.user_should_get_password_atleast_eight_char_error_message(RegisterStepDef.java:145)
at ✽.user should get password atleast eight char error message "password should contain atleast eight characters."(file:///C:/Users/janga/eclipse-workspace/DSAlgosample/src/test/resources/Features/UC02_register.feature:85)
]]>
    </failure>
  </testcase> <!-- runScenario -->
  <system-out/>
  <testcase classname="com.Runner.Testrunnertestng" name="runScenario" time="3.138"/>
  <system-out/>
  <testcase classname="com.Runner.Testrunnertestng" name="runScenario" time="3.167"/>
  <system-out/>
  <testcase classname="com.Runner.Testrunnertestng" name="runScenario" time="2.445">
    <failure message="Result do not match expected [submission success] but found [ No tests were collected]" type="java.lang.AssertionError">
      <![CDATA[java.lang.AssertionError: Result do not match expected [submission success] but found [ No tests were collected]
at org.testng.Assert.fail(Assert.java:110)
at org.testng.Assert.failNotEquals(Assert.java:1577)
at org.testng.Assert.assertEqualsImpl(Assert.java:149)
at org.testng.Assert.assertEquals(Assert.java:131)
at org.testng.Assert.assertEquals(Assert.java:655)
at com.Stepdefinitions.ArraysStepDef.the_user_should_be_presented_with_successful_submission_message(ArraysStepDef.java:139)
at ✽.The user should be presented with successful submission message(file:///C:/Users/janga/eclipse-workspace/DSAlgosample/src/test/resources/Features/UC05_Arrays.feature:182)
]]>
    </failure>
  </testcase> <!-- runScenario -->
  <system-out/>
  <testcase classname="com.Runner.Testrunnertestng" name="runScenario" time="3.199"/>
  <system-out/>
  <testcase classname="com.Runner.Testrunnertestng" name="runScenario" time="3.189"/>
  <system-out/>
  <testcase classname="com.Runner.Testrunnertestng" name="runScenario" time="1.602"/>
  <system-out/>
  <testcase classname="com.Runner.Testrunnertestng" name="runScenario" time="3.099"/>
  <system-out/>
  <testcase classname="com.Runner.Testrunnertestng" name="runScenario" time="3.097"/>
  <system-out/>
  <testcase classname="com.Runner.Testrunnertestng" name="runScenario" time="2.057">
    <failure message="Result do not match expected [submission success] but found [ Some Tests failed. Please review code]" type="java.lang.AssertionError">
      <![CDATA[java.lang.AssertionError: Result do not match expected [submission success] but found [ Some Tests failed. Please review code]
at org.testng.Assert.fail(Assert.java:110)
at org.testng.Assert.failNotEquals(Assert.java:1577)
at org.testng.Assert.assertEqualsImpl(Assert.java:149)
at org.testng.Assert.assertEquals(Assert.java:131)
at org.testng.Assert.assertEquals(Assert.java:655)
at com.Stepdefinitions.ArraysStepDef.the_user_should_be_presented_with_successful_submission_message(ArraysStepDef.java:139)
at ✽.The user should be presented with successful submission message(file:///C:/Users/janga/eclipse-workspace/DSAlgosample/src/test/resources/Features/UC05_Arrays.feature:115)
]]>
    </failure>
  </testcase> <!-- runScenario -->
  <system-out/>
  <testcase classname="com.Runner.Testrunnertestng" name="runScenario" time="4.002"/>
  <system-out/>
  <testcase classname="com.Runner.Testrunnertestng" name="runScenario" time="2.929"/>
  <system-out/>
  <testcase classname="com.Runner.Testrunnertestng" name="runScenario" time="3.825"/>
  <system-out/>
  <testcase classname="com.Runner.Testrunnertestng" name="runScenario" time="3.160"/>
  <system-out/>
  <testcase classname="com.Runner.Testrunnertestng" name="runScenario" time="3.096"/>
  <system-out/>
  <testcase classname="com.Runner.Testrunnertestng" name="runScenario" time="3.102"/>
  <system-out/>
  <testcase classname="com.Runner.Testrunnertestng" name="runScenario" time="6.668"/>
  <system-out/>
  <testcase classname="com.Runner.Testrunnertestng" name="runScenario" time="3.062"/>
  <system-out/>
  <testcase classname="com.Runner.Testrunnertestng" name="runScenario" time="3.120"/>
  <system-out/>
  <testcase classname="com.Runner.Testrunnertestng" name="runScenario" time="2.668"/>
  <system-out/>
  <testcase classname="com.Runner.Testrunnertestng" name="runScenario" time="2.773"/>
  <system-out/>
  <testcase classname="com.Runner.Testrunnertestng" name="runScenario" time="4.600">
    <failure message="expected [true] but found [false]" type="java.lang.AssertionError">
      <![CDATA[java.lang.AssertionError: expected [true] but found [false]
at org.testng.Assert.fail(Assert.java:110)
at org.testng.Assert.failNotEquals(Assert.java:1577)
at org.testng.Assert.assertEqualsImpl(Assert.java:149)
at org.testng.Assert.assertEquals(Assert.java:131)
at org.testng.Assert.assertEquals(Assert.java:1066)
at org.testng.Assert.assertEquals(Assert.java:1030)
at org.testng.Assert.assertEquals(Assert.java:1076)
at com.Stepdefinitions.RegisterStepDef.user_should_be_successfully_able_to_see_the_label_as(RegisterStepDef.java:48)
at ✽.user should be successfully able to see the label as "New Account Created."(file:///C:/Users/janga/eclipse-workspace/DSAlgosample/src/test/resources/Features/UC02_register.feature:14)
]]>
    </failure>
  </testcase> <!-- runScenario -->
  <system-out/>
  <testcase classname="com.Runner.Testrunnertestng" name="runScenario" time="1.663"/>
  <system-out/>
  <testcase classname="com.Runner.Testrunnertestng" name="runScenario" time="3.240"/>
  <system-out/>
</testsuite> <!-- com.Runner.Testrunnertestng -->
